Using pre-set license
Built from '2020.2/release' branch; Version is '2020.2.4f1 (becced5a802b) revision 12504301'; Using compiler version '192528614'; Build Type 'Release'
OS: 'Windows 10 Pro; OS build 19044.1466; Version 2009; 64bit' Language: 'en' Physical Memory: 16330 MB
BatchMode: 1, IsHumanControllingUs: 0, StartBugReporterOnCrash: 0, Is64bit: 1, IsPro: 0

 COMMAND LINE ARGUMENTS:
C:\Program Files\Unity\Hub\Editor\2020.2.4f1\Editor\Unity.exe
-adb2
-batchMode
-noUpm
-name
AssetImportWorker0
-projectPath
C:/Users/Nabski/Desktop/The Eternal RPG/Eternal RPG
-logFile
Logs/AssetImportWorker0.log
-srvPort
51141
Successfully changed project path to: C:/Users/Nabski/Desktop/The Eternal RPG/Eternal RPG
C:/Users/Nabski/Desktop/The Eternal RPG/Eternal RPG
Using Asset Import Pipeline V2.
Refreshing native plugins compatible for Editor in 38.09 ms, found 1 plugins.
Preloading 0 native plugins for Editor in 0.00 ms.
Initialize engine version: 2020.2.4f1 (becced5a802b)
[Subsystems] Discovering subsystems at path C:/Program Files/Unity/Hub/Editor/2020.2.4f1/Editor/Data/Resources/UnitySubsystems
[Subsystems] Discovering subsystems at path C:/Users/Nabski/Desktop/The Eternal RPG/Eternal RPG/Assets
GfxDevice: creating device client; threaded=0
Direct3D:
    Version:  Direct3D 11.0 [level 11.1]
    Renderer: NVIDIA GeForce RTX 2060 (ID=0x1f08)
    Vendor:   
    VRAM:     5980 MB
    Driver:   27.21.14.5671
Initialize mono
Mono path[0] = 'C:/Program Files/Unity/Hub/Editor/2020.2.4f1/Editor/Data/Managed'
Mono path[1] = 'C:/Program Files/Unity/Hub/Editor/2020.2.4f1/Editor/Data/MonoBleedingEdge/lib/mono/unityjit'
Mono config path = 'C:/Program Files/Unity/Hub/Editor/2020.2.4f1/Editor/Data/MonoBleedingEdge/etc'
Using monoOptions --debugger-agent=transport=dt_socket,embedding=1,server=y,suspend=n,address=127.0.0.1:56116
Begin MonoManager ReloadAssembly
Registering precompiled unity dll's ...
Register platform support module: C:/Program Files/Unity/Hub/Editor/2020.2.4f1/Editor/Data/PlaybackEngines/WindowsStandaloneSupport/UnityEditor.WindowsStandalone.Extensions.dll
Registered in 0.001937 seconds.
Native extension for WindowsStandalone target not found
Refreshing native plugins compatible for Editor in 37.96 ms, found 1 plugins.
Preloading 0 native plugins for Editor in 0.00 ms.
Invoked RoslynAnalysisRunner static constructor.
RoslynAnalysisRunner will not be running.
RoslynAnalysisRunner has terminated.
Mono: successfully reloaded assembly
- Completed reload, in  1.121 seconds
Platform modules already initialized, skipping
Registering precompiled user dll's ...
Registered in 0.000998 seconds.
Begin MonoManager ReloadAssembly
Native extension for WindowsStandalone target not found
Refreshing native plugins compatible for Editor in 37.88 ms, found 1 plugins.
Preloading 0 native plugins for Editor in 0.00 ms.
Invoked RoslynAnalysisRunner static constructor.
RoslynAnalysisRunner will not be running.
RoslynAnalysisRunner has terminated.
Mono: successfully reloaded assembly
- Completed reload, in  0.887 seconds
Platform modules already initialized, skipping
========================================================================
Worker process is ready to serve import requests
Launched and connected shader compiler UnityShaderCompiler.exe after 0.04 seconds
Refreshing native plugins compatible for Editor in 0.38 ms, found 1 plugins.
Preloading 0 native plugins for Editor in 0.00 ms.
Unloading 1975 Unused Serialized files (Serialized files now loaded: 0)
System memory in use before: 90.7 MB.
System memory in use after: 90.6 MB.

Unloading 24 unused Assets to reduce memory usage. Loaded Objects now: 2419.
Total: 1.986900 ms (FindLiveObjects: 0.189900 ms CreateObjectMapping: 0.095400 ms MarkObjects: 1.586700 ms  DeleteObjects: 0.114000 ms)

========================================================================
Received Import Request.
  path: Assets/Prefabs/Combat/C.Attack.prefab
  artifactKey: Guid(bce02562d9a0b2741b45d7247ceec251) Importer(815301076,1909f56bfc062723c751e8b465ee728b)
Start importing Assets/Prefabs/Combat/C.Attack.prefab using Guid(bce02562d9a0b2741b45d7247ceec251) Importer(815301076,1909f56bfc062723c751e8b465ee728b)  -> (artifact id: 'cc57e76afaa5fded16b99ae3651f7e94') in 0.096494 seconds
  Import took 0.099589 seconds .

========================================================================
Received Prepare
Refreshing native plugins compatible for Editor in 3.29 ms, found 1 plugins.
Preloading 0 native plugins for Editor in 0.00 ms.
Unloading 10 Unused Serialized files (Serialized files now loaded: 0)
System memory in use before: 55.0 MB.
System memory in use after: 55.0 MB.

Unloading 10 unused Assets to reduce memory usage. Loaded Objects now: 2426.
Total: 3.009700 ms (FindLiveObjects: 0.212500 ms CreateObjectMapping: 0.081000 ms MarkObjects: 2.598900 ms  DeleteObjects: 0.115800 ms)

========================================================================
Received Import Request.
  Time since last request: 1787.901017 seconds.
  path: Assets/Art/TextureWithKnife.png
  artifactKey: Guid(70c4684d30d2a2241a6219b02f17a040) Importer(815301076,1909f56bfc062723c751e8b465ee728b)
Start importing Assets/Art/TextureWithKnife.png using Guid(70c4684d30d2a2241a6219b02f17a040) Importer(815301076,1909f56bfc062723c751e8b465ee728b)  -> (artifact id: 'c4e663224267bd9a7cd5e1a6245a3bb1') in 0.044324 seconds
  Import took 0.048788 seconds .

========================================================================
Received Import Request.
  Time since last request: 0.000743 seconds.
  path: Assets/Art/TextureWithKnife2.png
  artifactKey: Guid(fde6a10d6a2fdcb4bb67df5e01546996) Importer(815301076,1909f56bfc062723c751e8b465ee728b)
Start importing Assets/Art/TextureWithKnife2.png using Guid(fde6a10d6a2fdcb4bb67df5e01546996) Importer(815301076,1909f56bfc062723c751e8b465ee728b)  -> (artifact id: '4b34ef213001eb7b8fa446724462b8c9') in 0.024363 seconds
  Import took 0.028086 seconds .

========================================================================
Received Import Request.
  Time since last request: 0.001172 seconds.
  path: Assets/Art/TextureWithKnife2.png
  artifactKey: Guid(fde6a10d6a2fdcb4bb67df5e01546996) Importer(815301076,1909f56bfc062723c751e8b465ee728b)
Start importing Assets/Art/TextureWithKnife2.png using Guid(fde6a10d6a2fdcb4bb67df5e01546996) Importer(815301076,1909f56bfc062723c751e8b465ee728b)  -> (artifact id: '4b34ef213001eb7b8fa446724462b8c9') in 0.017937 seconds
  Import took 0.023214 seconds .

========================================================================
Received Prepare
Registering precompiled user dll's ...
Registered in 0.001079 seconds.
Begin MonoManager ReloadAssembly
Native extension for WindowsStandalone target not found
Refreshing native plugins compatible for Editor in 0.51 ms, found 1 plugins.
Preloading 0 native plugins for Editor in 0.00 ms.
Invoked RoslynAnalysisRunner static constructor.
RoslynAnalysisRunner will not be running.
RoslynAnalysisRunner has terminated.
Mono: successfully reloaded assembly
- Completed reload, in  0.870 seconds
Platform modules already initialized, skipping
Refreshing native plugins compatible for Editor in 0.45 ms, found 1 plugins.
Preloading 0 native plugins for Editor in 0.00 ms.
Unloading 1970 Unused Serialized files (Serialized files now loaded: 0)
System memory in use before: 93.8 MB.
System memory in use after: 93.8 MB.

Unloading 12 unused Assets to reduce memory usage. Loaded Objects now: 2433.
Total: 2.336400 ms (FindLiveObjects: 0.227800 ms CreateObjectMapping: 0.202000 ms MarkObjects: 1.798000 ms  DeleteObjects: 0.106900 ms)

========================================================================
Received Prepare
Registering precompiled user dll's ...
Registered in 0.001033 seconds.
Begin MonoManager ReloadAssembly
Native extension for WindowsStandalone target not found
Refreshing native plugins compatible for Editor in 0.41 ms, found 1 plugins.
Preloading 0 native plugins for Editor in 0.00 ms.
Invoked RoslynAnalysisRunner static constructor.
RoslynAnalysisRunner will not be running.
RoslynAnalysisRunner has terminated.
Mono: successfully reloaded assembly
- Completed reload, in  0.901 seconds
Platform modules already initialized, skipping
Refreshing native plugins compatible for Editor in 0.44 ms, found 1 plugins.
Preloading 0 native plugins for Editor in 0.00 ms.
Unloading 1970 Unused Serialized files (Serialized files now loaded: 0)
System memory in use before: 93.8 MB.
System memory in use after: 93.8 MB.

Unloading 12 unused Assets to reduce memory usage. Loaded Objects now: 2436.
Total: 2.630100 ms (FindLiveObjects: 0.197700 ms CreateObjectMapping: 0.081200 ms MarkObjects: 2.241400 ms  DeleteObjects: 0.108600 ms)

========================================================================
Received Prepare
Registering precompiled user dll's ...
Registered in 0.001043 seconds.
Begin MonoManager ReloadAssembly
Native extension for WindowsStandalone target not found
Refreshing native plugins compatible for Editor in 0.44 ms, found 1 plugins.
Preloading 0 native plugins for Editor in 0.00 ms.
Invoked RoslynAnalysisRunner static constructor.
RoslynAnalysisRunner will not be running.
RoslynAnalysisRunner has terminated.
Mono: successfully reloaded assembly
- Completed reload, in  0.896 seconds
Platform modules already initialized, skipping
Refreshing native plugins compatible for Editor in 0.38 ms, found 1 plugins.
Preloading 0 native plugins for Editor in 0.00 ms.
Unloading 1970 Unused Serialized files (Serialized files now loaded: 0)
System memory in use before: 93.8 MB.
System memory in use after: 93.8 MB.

Unloading 12 unused Assets to reduce memory usage. Loaded Objects now: 2439.
Total: 2.009400 ms (FindLiveObjects: 0.274900 ms CreateObjectMapping: 0.081400 ms MarkObjects: 1.552500 ms  DeleteObjects: 0.099400 ms)

========================================================================
Received Prepare
Registering precompiled user dll's ...
Registered in 0.001135 seconds.
Begin MonoManager ReloadAssembly
Native extension for WindowsStandalone target not found
Refreshing native plugins compatible for Editor in 0.38 ms, found 1 plugins.
Preloading 0 native plugins for Editor in 0.00 ms.
Invoked RoslynAnalysisRunner static constructor.
RoslynAnalysisRunner will not be running.
RoslynAnalysisRunner has terminated.
Mono: successfully reloaded assembly
- Completed reload, in  0.828 seconds
Platform modules already initialized, skipping
Refreshing native plugins compatible for Editor in 0.66 ms, found 1 plugins.
Preloading 0 native plugins for Editor in 0.00 ms.
Unloading 1970 Unused Serialized files (Serialized files now loaded: 0)
System memory in use before: 93.8 MB.
System memory in use after: 93.8 MB.

Unloading 12 unused Assets to reduce memory usage. Loaded Objects now: 2442.
Total: 3.879300 ms (FindLiveObjects: 0.638200 ms CreateObjectMapping: 0.111600 ms MarkObjects: 2.869800 ms  DeleteObjects: 0.257100 ms)

========================================================================
Received Prepare
Registering precompiled user dll's ...
Registered in 0.001011 seconds.
Begin MonoManager ReloadAssembly
Native extension for WindowsStandalone target not found
Refreshing native plugins compatible for Editor in 0.38 ms, found 1 plugins.
Preloading 0 native plugins for Editor in 0.00 ms.
Invoked RoslynAnalysisRunner static constructor.
RoslynAnalysisRunner will not be running.
RoslynAnalysisRunner has terminated.
Mono: successfully reloaded assembly
- Completed reload, in  0.833 seconds
Platform modules already initialized, skipping
Refreshing native plugins compatible for Editor in 0.37 ms, found 1 plugins.
Preloading 0 native plugins for Editor in 0.00 ms.
Unloading 1970 Unused Serialized files (Serialized files now loaded: 0)
System memory in use before: 93.8 MB.
System memory in use after: 93.8 MB.

Unloading 12 unused Assets to reduce memory usage. Loaded Objects now: 2445.
Total: 6.739600 ms (FindLiveObjects: 0.512600 ms CreateObjectMapping: 0.259400 ms MarkObjects: 5.626700 ms  DeleteObjects: 0.337600 ms)

========================================================================
Received Prepare
Registering precompiled user dll's ...
Registered in 0.000985 seconds.
Begin MonoManager ReloadAssembly
Native extension for WindowsStandalone target not found
Refreshing native plugins compatible for Editor in 0.38 ms, found 1 plugins.
Preloading 0 native plugins for Editor in 0.00 ms.
Invoked RoslynAnalysisRunner static constructor.
RoslynAnalysisRunner will not be running.
RoslynAnalysisRunner has terminated.
Mono: successfully reloaded assembly
- Completed reload, in  0.786 seconds
Platform modules already initialized, skipping
Refreshing native plugins compatible for Editor in 0.42 ms, found 1 plugins.
Preloading 0 native plugins for Editor in 0.00 ms.
Unloading 1970 Unused Serialized files (Serialized files now loaded: 0)
System memory in use before: 93.8 MB.
System memory in use after: 93.8 MB.

Unloading 12 unused Assets to reduce memory usage. Loaded Objects now: 2448.
Total: 2.312500 ms (FindLiveObjects: 0.222800 ms CreateObjectMapping: 0.081100 ms MarkObjects: 1.901300 ms  DeleteObjects: 0.106400 ms)

========================================================================
Received Prepare
Registering precompiled user dll's ...
Registered in 0.001000 seconds.
Begin MonoManager ReloadAssembly
Native extension for WindowsStandalone target not found
Refreshing native plugins compatible for Editor in 0.41 ms, found 1 plugins.
Preloading 0 native plugins for Editor in 0.00 ms.
Invoked RoslynAnalysisRunner static constructor.
RoslynAnalysisRunner will not be running.
RoslynAnalysisRunner has terminated.
Mono: successfully reloaded assembly
- Completed reload, in  0.798 seconds
Platform modules already initialized, skipping
Refreshing native plugins compatible for Editor in 0.38 ms, found 1 plugins.
Preloading 0 native plugins for Editor in 0.00 ms.
Unloading 1970 Unused Serialized files (Serialized files now loaded: 0)
System memory in use before: 93.8 MB.
System memory in use after: 93.8 MB.

Unloading 12 unused Assets to reduce memory usage. Loaded Objects now: 2451.
Total: 1.870300 ms (FindLiveObjects: 0.189300 ms CreateObjectMapping: 0.069000 ms MarkObjects: 1.509200 ms  DeleteObjects: 0.101700 ms)

========================================================================
Received Prepare
Registering precompiled user dll's ...
Registered in 0.000990 seconds.
Begin MonoManager ReloadAssembly
Native extension for WindowsStandalone target not found
Refreshing native plugins compatible for Editor in 0.38 ms, found 1 plugins.
Preloading 0 native plugins for Editor in 0.00 ms.
Invoked RoslynAnalysisRunner static constructor.
RoslynAnalysisRunner will not be running.
RoslynAnalysisRunner has terminated.
Mono: successfully reloaded assembly
- Completed reload, in  0.775 seconds
Platform modules already initialized, skipping
Refreshing native plugins compatible for Editor in 0.39 ms, found 1 plugins.
Preloading 0 native plugins for Editor in 0.00 ms.
Unloading 1970 Unused Serialized files (Serialized files now loaded: 0)
System memory in use before: 93.8 MB.
System memory in use after: 93.8 MB.

Unloading 12 unused Assets to reduce memory usage. Loaded Objects now: 2454.
Total: 2.281700 ms (FindLiveObjects: 0.197500 ms CreateObjectMapping: 0.084700 ms MarkObjects: 1.852300 ms  DeleteObjects: 0.146300 ms)

========================================================================
Received Prepare
Registering precompiled user dll's ...
Registered in 0.000961 seconds.
Begin MonoManager ReloadAssembly
Native extension for WindowsStandalone target not found
Refreshing native plugins compatible for Editor in 0.37 ms, found 1 plugins.
Preloading 0 native plugins for Editor in 0.00 ms.
Invoked RoslynAnalysisRunner static constructor.
RoslynAnalysisRunner will not be running.
RoslynAnalysisRunner has terminated.
Mono: successfully reloaded assembly
- Completed reload, in  0.764 seconds
Platform modules already initialized, skipping
Refreshing native plugins compatible for Editor in 0.37 ms, found 1 plugins.
Preloading 0 native plugins for Editor in 0.00 ms.
Unloading 1970 Unused Serialized files (Serialized files now loaded: 0)
System memory in use before: 93.9 MB.
System memory in use after: 93.8 MB.

Unloading 12 unused Assets to reduce memory usage. Loaded Objects now: 2457.
Total: 1.953000 ms (FindLiveObjects: 0.228000 ms CreateObjectMapping: 0.076900 ms MarkObjects: 1.550100 ms  DeleteObjects: 0.097300 ms)

========================================================================
Received Import Request.
  Time since last request: 2167.331189 seconds.
  path: Assets/Prefabs/Combat/C.Attack.prefab
  artifactKey: Guid(bce02562d9a0b2741b45d7247ceec251) Importer(815301076,1909f56bfc062723c751e8b465ee728b)
Start importing Assets/Prefabs/Combat/C.Attack.prefab using Guid(bce02562d9a0b2741b45d7247ceec251) Importer(815301076,1909f56bfc062723c751e8b465ee728b)  -> (artifact id: 'c929e1e24c89755530821cedabc552d1') in 0.050975 seconds
  Import took 0.054215 seconds .

========================================================================
Received Import Request.
  Time since last request: 3.939441 seconds.
  path: Assets/Prefabs/Combat/C.Attack.prefab
  artifactKey: Guid(bce02562d9a0b2741b45d7247ceec251) Importer(815301076,1909f56bfc062723c751e8b465ee728b)
Start importing Assets/Prefabs/Combat/C.Attack.prefab using Guid(bce02562d9a0b2741b45d7247ceec251) Importer(815301076,1909f56bfc062723c751e8b465ee728b)  -> (artifact id: '935bf78ed84e973f6a636f154473f96b') in 0.012595 seconds
  Import took 0.015660 seconds .

========================================================================
Received Prepare
Registering precompiled user dll's ...
Registered in 0.001017 seconds.
Begin MonoManager ReloadAssembly
Native extension for WindowsStandalone target not found
Refreshing native plugins compatible for Editor in 0.37 ms, found 1 plugins.
Preloading 0 native plugins for Editor in 0.00 ms.
Invoked RoslynAnalysisRunner static constructor.
RoslynAnalysisRunner will not be running.
RoslynAnalysisRunner has terminated.
Mono: successfully reloaded assembly
- Completed reload, in  0.790 seconds
Platform modules already initialized, skipping
Refreshing native plugins compatible for Editor in 0.36 ms, found 1 plugins.
Preloading 0 native plugins for Editor in 0.00 ms.
Unloading 1970 Unused Serialized files (Serialized files now loaded: 0)
System memory in use before: 93.9 MB.
System memory in use after: 93.9 MB.

Unloading 12 unused Assets to reduce memory usage. Loaded Objects now: 2461.
Total: 2.499700 ms (FindLiveObjects: 0.171600 ms CreateObjectMapping: 0.069600 ms MarkObjects: 2.132900 ms  DeleteObjects: 0.124300 ms)

========================================================================
Received Prepare
Registering precompiled user dll's ...
Registered in 0.000989 seconds.
Begin MonoManager ReloadAssembly
Native extension for WindowsStandalone target not found
Refreshing native plugins compatible for Editor in 0.37 ms, found 1 plugins.
Preloading 0 native plugins for Editor in 0.00 ms.
Invoked RoslynAnalysisRunner static constructor.
RoslynAnalysisRunner will not be running.
RoslynAnalysisRunner has terminated.
Mono: successfully reloaded assembly
- Completed reload, in  0.759 seconds
Platform modules already initialized, skipping
Refreshing native plugins compatible for Editor in 0.37 ms, found 1 plugins.
Preloading 0 native plugins for Editor in 0.00 ms.
Unloading 1970 Unused Serialized files (Serialized files now loaded: 0)
System memory in use before: 93.9 MB.
System memory in use after: 93.9 MB.

Unloading 12 unused Assets to reduce memory usage. Loaded Objects now: 2464.
Total: 1.975900 ms (FindLiveObjects: 0.192800 ms CreateObjectMapping: 0.084900 ms MarkObjects: 1.599700 ms  DeleteObjects: 0.097800 ms)

========================================================================
Received Prepare
Registering precompiled user dll's ...
Registered in 0.001020 seconds.
Begin MonoManager ReloadAssembly
Native extension for WindowsStandalone target not found
Refreshing native plugins compatible for Editor in 0.51 ms, found 1 plugins.
Preloading 0 native plugins for Editor in 0.00 ms.
Invoked RoslynAnalysisRunner static constructor.
RoslynAnalysisRunner will not be running.
RoslynAnalysisRunner has terminated.
Mono: successfully reloaded assembly
- Completed reload, in  0.930 seconds
Platform modules already initialized, skipping
Refreshing native plugins compatible for Editor in 0.39 ms, found 1 plugins.
Preloading 0 native plugins for Editor in 0.00 ms.
Unloading 1970 Unused Serialized files (Serialized files now loaded: 0)
System memory in use before: 93.9 MB.
System memory in use after: 93.9 MB.

Unloading 12 unused Assets to reduce memory usage. Loaded Objects now: 2467.
Total: 1.809300 ms (FindLiveObjects: 0.178000 ms CreateObjectMapping: 0.070700 ms MarkObjects: 1.459700 ms  DeleteObjects: 0.100200 ms)

========================================================================
Received Prepare
Registering precompiled user dll's ...
Registered in 0.001034 seconds.
Begin MonoManager ReloadAssembly
Native extension for WindowsStandalone target not found
Refreshing native plugins compatible for Editor in 0.38 ms, found 1 plugins.
Preloading 0 native plugins for Editor in 0.00 ms.
Invoked RoslynAnalysisRunner static constructor.
RoslynAnalysisRunner will not be running.
RoslynAnalysisRunner has terminated.
Mono: successfully reloaded assembly
- Completed reload, in  0.788 seconds
Platform modules already initialized, skipping
Refreshing native plugins compatible for Editor in 0.44 ms, found 1 plugins.
Preloading 0 native plugins for Editor in 0.00 ms.
Unloading 1970 Unused Serialized files (Serialized files now loaded: 0)
System memory in use before: 93.9 MB.
System memory in use after: 93.9 MB.

Unloading 12 unused Assets to reduce memory usage. Loaded Objects now: 2470.
Total: 2.180100 ms (FindLiveObjects: 0.268500 ms CreateObjectMapping: 0.097600 ms MarkObjects: 1.706800 ms  DeleteObjects: 0.106300 ms)

========================================================================
Received Prepare
Registering precompiled user dll's ...
Registered in 0.001014 seconds.
Begin MonoManager ReloadAssembly
Native extension for WindowsStandalone target not found
Refreshing native plugins compatible for Editor in 0.37 ms, found 1 plugins.
Preloading 0 native plugins for Editor in 0.00 ms.
Invoked RoslynAnalysisRunner static constructor.
RoslynAnalysisRunner will not be running.
RoslynAnalysisRunner has terminated.
Mono: successfully reloaded assembly
- Completed reload, in  0.780 seconds
Platform modules already initialized, skipping
Refreshing native plugins compatible for Editor in 0.37 ms, found 1 plugins.
Preloading 0 native plugins for Editor in 0.00 ms.
Unloading 1970 Unused Serialized files (Serialized files now loaded: 0)
System memory in use before: 93.9 MB.
System memory in use after: 93.9 MB.

Unloading 12 unused Assets to reduce memory usage. Loaded Objects now: 2473.
Total: 1.911300 ms (FindLiveObjects: 0.168400 ms CreateObjectMapping: 0.068000 ms MarkObjects: 1.581700 ms  DeleteObjects: 0.092400 ms)

========================================================================
Received Prepare
Registering precompiled user dll's ...
Registered in 0.001000 seconds.
Begin MonoManager ReloadAssembly
Native extension for WindowsStandalone target not found
Refreshing native plugins compatible for Editor in 0.38 ms, found 1 plugins.
Preloading 0 native plugins for Editor in 0.00 ms.
Invoked RoslynAnalysisRunner static constructor.
RoslynAnalysisRunner will not be running.
RoslynAnalysisRunner has terminated.
Mono: successfully reloaded assembly
- Completed reload, in  0.787 seconds
Platform modules already initialized, skipping
Refreshing native plugins compatible for Editor in 0.38 ms, found 1 plugins.
Preloading 0 native plugins for Editor in 0.00 ms.
Unloading 1970 Unused Serialized files (Serialized files now loaded: 0)
System memory in use before: 93.9 MB.
System memory in use after: 93.9 MB.

Unloading 12 unused Assets to reduce memory usage. Loaded Objects now: 2476.
Total: 2.122900 ms (FindLiveObjects: 0.207400 ms CreateObjectMapping: 0.083700 ms MarkObjects: 1.728900 ms  DeleteObjects: 0.102200 ms)

========================================================================
Received Prepare
Registering precompiled user dll's ...
Registered in 0.001070 seconds.
Begin MonoManager ReloadAssembly
Native extension for WindowsStandalone target not found
Refreshing native plugins compatible for Editor in 0.38 ms, found 1 plugins.
Preloading 0 native plugins for Editor in 0.00 ms.
Invoked RoslynAnalysisRunner static constructor.
RoslynAnalysisRunner will not be running.
RoslynAnalysisRunner has terminated.
Mono: successfully reloaded assembly
- Completed reload, in  0.803 seconds
Platform modules already initialized, skipping
Refreshing native plugins compatible for Editor in 0.38 ms, found 1 plugins.
Preloading 0 native plugins for Editor in 0.00 ms.
Unloading 1970 Unused Serialized files (Serialized files now loaded: 0)
System memory in use before: 93.9 MB.
System memory in use after: 93.9 MB.

Unloading 12 unused Assets to reduce memory usage. Loaded Objects now: 2479.
Total: 2.455900 ms (FindLiveObjects: 0.218500 ms CreateObjectMapping: 0.094100 ms MarkObjects: 2.022000 ms  DeleteObjects: 0.120200 ms)

========================================================================
Received Prepare
Registering precompiled user dll's ...
Registered in 0.001002 seconds.
Begin MonoManager ReloadAssembly
Native extension for WindowsStandalone target not found
Refreshing native plugins compatible for Editor in 0.37 ms, found 1 plugins.
Preloading 0 native plugins for Editor in 0.00 ms.
Invoked RoslynAnalysisRunner static constructor.
RoslynAnalysisRunner will not be running.
RoslynAnalysisRunner has terminated.
Mono: successfully reloaded assembly
- Completed reload, in  0.767 seconds
Platform modules already initialized, skipping
Refreshing native plugins compatible for Editor in 0.37 ms, found 1 plugins.
Preloading 0 native plugins for Editor in 0.00 ms.
Unloading 1970 Unused Serialized files (Serialized files now loaded: 0)
System memory in use before: 93.9 MB.
System memory in use after: 93.9 MB.

Unloading 12 unused Assets to reduce memory usage. Loaded Objects now: 2482.
Total: 1.816800 ms (FindLiveObjects: 0.181000 ms CreateObjectMapping: 0.071500 ms MarkObjects: 1.466700 ms  DeleteObjects: 0.096400 ms)

========================================================================
Received Prepare
Registering precompiled user dll's ...
Registered in 0.001091 seconds.
Begin MonoManager ReloadAssembly
Native extension for WindowsStandalone target not found
Refreshing native plugins compatible for Editor in 0.37 ms, found 1 plugins.
Preloading 0 native plugins for Editor in 0.00 ms.
Invoked RoslynAnalysisRunner static constructor.
RoslynAnalysisRunner will not be running.
RoslynAnalysisRunner has terminated.
Mono: successfully reloaded assembly
- Completed reload, in  0.771 seconds
Platform modules already initialized, skipping
Refreshing native plugins compatible for Editor in 0.37 ms, found 1 plugins.
Preloading 0 native plugins for Editor in 0.00 ms.
Unloading 1970 Unused Serialized files (Serialized files now loaded: 0)
System memory in use before: 93.9 MB.
System memory in use after: 93.9 MB.

Unloading 12 unused Assets to reduce memory usage. Loaded Objects now: 2485.
Total: 6.139800 ms (FindLiveObjects: 0.197600 ms CreateObjectMapping: 0.074200 ms MarkObjects: 5.745500 ms  DeleteObjects: 0.121100 ms)

========================================================================
Received Prepare
Registering precompiled user dll's ...
Registered in 0.001023 seconds.
Begin MonoManager ReloadAssembly
Native extension for WindowsStandalone target not found
Refreshing native plugins compatible for Editor in 0.38 ms, found 1 plugins.
Preloading 0 native plugins for Editor in 0.00 ms.
Invoked RoslynAnalysisRunner static constructor.
RoslynAnalysisRunner will not be running.
RoslynAnalysisRunner has terminated.
Mono: successfully reloaded assembly
- Completed reload, in  0.781 seconds
Platform modules already initialized, skipping
Refreshing native plugins compatible for Editor in 0.37 ms, found 1 plugins.
Preloading 0 native plugins for Editor in 0.00 ms.
Unloading 1970 Unused Serialized files (Serialized files now loaded: 0)
System memory in use before: 93.9 MB.
System memory in use after: 93.9 MB.

Unloading 12 unused Assets to reduce memory usage. Loaded Objects now: 2488.
Total: 1.882800 ms (FindLiveObjects: 0.186900 ms CreateObjectMapping: 0.071600 ms MarkObjects: 1.523100 ms  DeleteObjects: 0.100500 ms)

========================================================================
Received Prepare
Registering precompiled user dll's ...
Registered in 0.001026 seconds.
Begin MonoManager ReloadAssembly
Native extension for WindowsStandalone target not found
Refreshing native plugins compatible for Editor in 0.41 ms, found 1 plugins.
Preloading 0 native plugins for Editor in 0.00 ms.
Invoked RoslynAnalysisRunner static constructor.
RoslynAnalysisRunner will not be running.
RoslynAnalysisRunner has terminated.
Mono: successfully reloaded assembly
- Completed reload, in  0.786 seconds
Platform modules already initialized, skipping
Refreshing native plugins compatible for Editor in 0.37 ms, found 1 plugins.
Preloading 0 native plugins for Editor in 0.00 ms.
Unloading 1970 Unused Serialized files (Serialized files now loaded: 0)
System memory in use before: 93.9 MB.
System memory in use after: 93.9 MB.

Unloading 12 unused Assets to reduce memory usage. Loaded Objects now: 2491.
Total: 1.975900 ms (FindLiveObjects: 0.183700 ms CreateObjectMapping: 0.100000 ms MarkObjects: 1.589100 ms  DeleteObjects: 0.102100 ms)

========================================================================
Received Prepare
Registering precompiled user dll's ...
Registered in 0.001139 seconds.
Begin MonoManager ReloadAssembly
Native extension for WindowsStandalone target not found
Refreshing native plugins compatible for Editor in 0.37 ms, found 1 plugins.
Preloading 0 native plugins for Editor in 0.00 ms.
Invoked RoslynAnalysisRunner static constructor.
RoslynAnalysisRunner will not be running.
RoslynAnalysisRunner has terminated.
Mono: successfully reloaded assembly
- Completed reload, in  0.757 seconds
Platform modules already initialized, skipping
Refreshing native plugins compatible for Editor in 0.37 ms, found 1 plugins.
Preloading 0 native plugins for Editor in 0.00 ms.
Unloading 1970 Unused Serialized files (Serialized files now loaded: 0)
System memory in use before: 93.9 MB.
System memory in use after: 93.9 MB.

Unloading 12 unused Assets to reduce memory usage. Loaded Objects now: 2494.
Total: 2.333300 ms (FindLiveObjects: 0.249200 ms CreateObjectMapping: 0.096900 ms MarkObjects: 1.877100 ms  DeleteObjects: 0.109100 ms)

========================================================================
Received Prepare
Registering precompiled user dll's ...
Registered in 0.001005 seconds.
Begin MonoManager ReloadAssembly
Native extension for WindowsStandalone target not found
Refreshing native plugins compatible for Editor in 0.37 ms, found 1 plugins.
Preloading 0 native plugins for Editor in 0.00 ms.
Invoked RoslynAnalysisRunner static constructor.
RoslynAnalysisRunner will not be running.
RoslynAnalysisRunner has terminated.
Mono: successfully reloaded assembly
- Completed reload, in  0.770 seconds
Platform modules already initialized, skipping
Refreshing native plugins compatible for Editor in 0.38 ms, found 1 plugins.
Preloading 0 native plugins for Editor in 0.00 ms.
Unloading 1970 Unused Serialized files (Serialized files now loaded: 0)
System memory in use before: 94.0 MB.
System memory in use after: 94.0 MB.

Unloading 12 unused Assets to reduce memory usage. Loaded Objects now: 2497.
Total: 6.893200 ms (FindLiveObjects: 0.529600 ms CreateObjectMapping: 0.302900 ms MarkObjects: 5.726100 ms  DeleteObjects: 0.331000 ms)

========================================================================
Received Prepare
Registering precompiled user dll's ...
Registered in 0.001028 seconds.
Begin MonoManager ReloadAssembly
Native extension for WindowsStandalone target not found
Refreshing native plugins compatible for Editor in 0.39 ms, found 1 plugins.
Preloading 0 native plugins for Editor in 0.00 ms.
Invoked RoslynAnalysisRunner static constructor.
RoslynAnalysisRunner will not be running.
RoslynAnalysisRunner has terminated.
Mono: successfully reloaded assembly
- Completed reload, in  0.770 seconds
Platform modules already initialized, skipping
Refreshing native plugins compatible for Editor in 0.38 ms, found 1 plugins.
Preloading 0 native plugins for Editor in 0.00 ms.
Unloading 1970 Unused Serialized files (Serialized files now loaded: 0)
System memory in use before: 94.0 MB.
System memory in use after: 94.0 MB.

Unloading 12 unused Assets to reduce memory usage. Loaded Objects now: 2500.
Total: 2.070500 ms (FindLiveObjects: 0.271000 ms CreateObjectMapping: 0.093800 ms MarkObjects: 1.589900 ms  DeleteObjects: 0.114700 ms)

========================================================================
Received Prepare
Registering precompiled user dll's ...
Registered in 0.000991 seconds.
Begin MonoManager ReloadAssembly
Native extension for WindowsStandalone target not found
Refreshing native plugins compatible for Editor in 0.39 ms, found 1 plugins.
Preloading 0 native plugins for Editor in 0.00 ms.
Invoked RoslynAnalysisRunner static constructor.
RoslynAnalysisRunner will not be running.
RoslynAnalysisRunner has terminated.
Mono: successfully reloaded assembly
- Completed reload, in  0.838 seconds
Platform modules already initialized, skipping
Refreshing native plugins compatible for Editor in 0.39 ms, found 1 plugins.
Preloading 0 native plugins for Editor in 0.00 ms.
Unloading 1970 Unused Serialized files (Serialized files now loaded: 0)
System memory in use before: 94.0 MB.
System memory in use after: 94.0 MB.

Unloading 12 unused Assets to reduce memory usage. Loaded Objects now: 2503.
Total: 4.547000 ms (FindLiveObjects: 0.403200 ms CreateObjectMapping: 0.194500 ms MarkObjects: 3.842500 ms  DeleteObjects: 0.104700 ms)

========================================================================
Received Prepare
Registering precompiled user dll's ...
Registered in 0.000984 seconds.
Begin MonoManager ReloadAssembly
Native extension for WindowsStandalone target not found
Refreshing native plugins compatible for Editor in 0.40 ms, found 1 plugins.
Preloading 0 native plugins for Editor in 0.00 ms.
Invoked RoslynAnalysisRunner static constructor.
RoslynAnalysisRunner will not be running.
RoslynAnalysisRunner has terminated.
Mono: successfully reloaded assembly
- Completed reload, in  0.778 seconds
Platform modules already initialized, skipping
Refreshing native plugins compatible for Editor in 0.41 ms, found 1 plugins.
Preloading 0 native plugins for Editor in 0.00 ms.
Unloading 1970 Unused Serialized files (Serialized files now loaded: 0)
System memory in use before: 94.0 MB.
System memory in use after: 94.0 MB.

Unloading 12 unused Assets to reduce memory usage. Loaded Objects now: 2506.
Total: 2.078400 ms (FindLiveObjects: 0.211700 ms CreateObjectMapping: 0.080200 ms MarkObjects: 1.663800 ms  DeleteObjects: 0.121700 ms)

========================================================================
Received Prepare
Registering precompiled user dll's ...
Registered in 0.001005 seconds.
Begin MonoManager ReloadAssembly
Native extension for WindowsStandalone target not found
Refreshing native plugins compatible for Editor in 0.37 ms, found 1 plugins.
Preloading 0 native plugins for Editor in 0.00 ms.
Invoked RoslynAnalysisRunner static constructor.
RoslynAnalysisRunner will not be running.
RoslynAnalysisRunner has terminated.
Mono: successfully reloaded assembly
- Completed reload, in  0.757 seconds
Platform modules already initialized, skipping
Refreshing native plugins compatible for Editor in 0.38 ms, found 1 plugins.
Preloading 0 native plugins for Editor in 0.00 ms.
Unloading 1970 Unused Serialized files (Serialized files now loaded: 0)
System memory in use before: 94.0 MB.
System memory in use after: 94.0 MB.

Unloading 12 unused Assets to reduce memory usage. Loaded Objects now: 2509.
Total: 1.970400 ms (FindLiveObjects: 0.187500 ms CreateObjectMapping: 0.071700 ms MarkObjects: 1.613100 ms  DeleteObjects: 0.097300 ms)

========================================================================
Received Prepare
Registering precompiled user dll's ...
Registered in 0.001023 seconds.
Begin MonoManager ReloadAssembly
Native extension for WindowsStandalone target not found
Refreshing native plugins compatible for Editor in 0.38 ms, found 1 plugins.
Preloading 0 native plugins for Editor in 0.00 ms.
Invoked RoslynAnalysisRunner static constructor.
RoslynAnalysisRunner will not be running.
RoslynAnalysisRunner has terminated.
Mono: successfully reloaded assembly
- Completed reload, in  0.776 seconds
Platform modules already initialized, skipping
Refreshing native plugins compatible for Editor in 0.38 ms, found 1 plugins.
Preloading 0 native plugins for Editor in 0.00 ms.
Unloading 1970 Unused Serialized files (Serialized files now loaded: 0)
System memory in use before: 94.0 MB.
System memory in use after: 94.0 MB.

Unloading 12 unused Assets to reduce memory usage. Loaded Objects now: 2512.
Total: 1.964900 ms (FindLiveObjects: 0.180600 ms CreateObjectMapping: 0.069200 ms MarkObjects: 1.615200 ms  DeleteObjects: 0.099100 ms)

========================================================================
Received Prepare
Registering precompiled user dll's ...
Registered in 0.001054 seconds.
Begin MonoManager ReloadAssembly
Native extension for WindowsStandalone target not found
Refreshing native plugins compatible for Editor in 0.38 ms, found 1 plugins.
Preloading 0 native plugins for Editor in 0.00 ms.
Invoked RoslynAnalysisRunner static constructor.
RoslynAnalysisRunner will not be running.
RoslynAnalysisRunner has terminated.
Mono: successfully reloaded assembly
- Completed reload, in  0.776 seconds
Platform modules already initialized, skipping
Refreshing native plugins compatible for Editor in 0.39 ms, found 1 plugins.
Preloading 0 native plugins for Editor in 0.00 ms.
Unloading 1970 Unused Serialized files (Serialized files now loaded: 0)
System memory in use before: 94.0 MB.
System memory in use after: 94.0 MB.

Unloading 12 unused Assets to reduce memory usage. Loaded Objects now: 2515.
Total: 2.385400 ms (FindLiveObjects: 0.343600 ms CreateObjectMapping: 0.145300 ms MarkObjects: 1.792900 ms  DeleteObjects: 0.102500 ms)

========================================================================
Received Import Request.
  Time since last request: 1676.468933 seconds.
  path: Assets/Prefabs/Combat/C.Block.prefab
  artifactKey: Guid(373fe3a6a21b1e4499f234e46d58962c) Importer(815301076,1909f56bfc062723c751e8b465ee728b)
Start importing Assets/Prefabs/Combat/C.Block.prefab using Guid(373fe3a6a21b1e4499f234e46d58962c) Importer(815301076,1909f56bfc062723c751e8b465ee728b)  -> (artifact id: 'd03720242651bb1f9e3edf620f1b9127') in 0.060060 seconds
  Import took 0.063505 seconds .

========================================================================
Received Import Request.
  Time since last request: 6.426020 seconds.
  path: Assets/Prefabs/Combat/C.Block.prefab
  artifactKey: Guid(373fe3a6a21b1e4499f234e46d58962c) Importer(815301076,1909f56bfc062723c751e8b465ee728b)
Start importing Assets/Prefabs/Combat/C.Block.prefab using Guid(373fe3a6a21b1e4499f234e46d58962c) Importer(815301076,1909f56bfc062723c751e8b465ee728b)  -> (artifact id: '08687e97b64a4cdc5232737333ff7a27') in 0.016592 seconds
  Import took 0.019652 seconds .

========================================================================
Received Import Request.
  Time since last request: 7.273063 seconds.
  path: Assets/Prefabs/Combat/C.Block.prefab
  artifactKey: Guid(373fe3a6a21b1e4499f234e46d58962c) Importer(815301076,1909f56bfc062723c751e8b465ee728b)
Start importing Assets/Prefabs/Combat/C.Block.prefab using Guid(373fe3a6a21b1e4499f234e46d58962c) Importer(815301076,1909f56bfc062723c751e8b465ee728b)  -> (artifact id: '2c5d442f2225109bdd6325ec1eeea9dc') in 0.015655 seconds
  Import took 0.018765 seconds .

========================================================================
Received Import Request.
  Time since last request: 1.169234 seconds.
  path: Assets/Prefabs/Combat/C.Block.prefab
  artifactKey: Guid(373fe3a6a21b1e4499f234e46d58962c) Importer(815301076,1909f56bfc062723c751e8b465ee728b)
Start importing Assets/Prefabs/Combat/C.Block.prefab using Guid(373fe3a6a21b1e4499f234e46d58962c) Importer(815301076,1909f56bfc062723c751e8b465ee728b)  -> (artifact id: '41515eba05aa5494c1c31ec477936cf8') in 0.012397 seconds
  Import took 0.015588 seconds .

========================================================================
Received Import Request.
  Time since last request: 0.000654 seconds.
  path: Assets/Prefabs/Combat/C.Block.prefab
  artifactKey: Guid(373fe3a6a21b1e4499f234e46d58962c) Importer(815301076,1909f56bfc062723c751e8b465ee728b)
Start importing Assets/Prefabs/Combat/C.Block.prefab using Guid(373fe3a6a21b1e4499f234e46d58962c) Importer(815301076,1909f56bfc062723c751e8b465ee728b)  -> (artifact id: '41515eba05aa5494c1c31ec477936cf8') in 0.010357 seconds
  Import took 0.013743 seconds .

========================================================================
Received Import Request.
  Time since last request: 15.996520 seconds.
  path: Assets/Prefabs/Combat/C.Block.prefab
  artifactKey: Guid(373fe3a6a21b1e4499f234e46d58962c) Importer(815301076,1909f56bfc062723c751e8b465ee728b)
Start importing Assets/Prefabs/Combat/C.Block.prefab using Guid(373fe3a6a21b1e4499f234e46d58962c) Importer(815301076,1909f56bfc062723c751e8b465ee728b)  -> (artifact id: 'a6bc3a2f45a927dc0ba16892aa0f190a') in 0.014539 seconds
  Import took 0.017582 seconds .

========================================================================
Received Import Request.
  Time since last request: 4.658888 seconds.
  path: Assets/Prefabs/Combat/C.Block.prefab
  artifactKey: Guid(373fe3a6a21b1e4499f234e46d58962c) Importer(815301076,1909f56bfc062723c751e8b465ee728b)
Start importing Assets/Prefabs/Combat/C.Block.prefab using Guid(373fe3a6a21b1e4499f234e46d58962c) Importer(815301076,1909f56bfc062723c751e8b465ee728b)  -> (artifact id: '778cec1195adfba8e317f4f880ff16d4') in 0.011875 seconds
  Import took 0.014958 seconds .

========================================================================
Received Prepare
Registering precompiled user dll's ...
Registered in 0.001045 seconds.
Begin MonoManager ReloadAssembly
Native extension for WindowsStandalone target not found
Refreshing native plugins compatible for Editor in 0.39 ms, found 1 plugins.
Preloading 0 native plugins for Editor in 0.00 ms.
Invoked RoslynAnalysisRunner static constructor.
RoslynAnalysisRunner will not be running.
RoslynAnalysisRunner has terminated.
Mono: successfully reloaded assembly
- Completed reload, in  0.793 seconds
Platform modules already initialized, skipping
Refreshing native plugins compatible for Editor in 0.37 ms, found 1 plugins.
Preloading 0 native plugins for Editor in 0.00 ms.
Unloading 1970 Unused Serialized files (Serialized files now loaded: 0)
System memory in use before: 94.0 MB.
System memory in use after: 94.0 MB.

Unloading 12 unused Assets to reduce memory usage. Loaded Objects now: 2519.
Total: 1.785300 ms (FindLiveObjects: 0.162500 ms CreateObjectMapping: 0.059500 ms MarkObjects: 1.468400 ms  DeleteObjects: 0.094000 ms)

========================================================================
Received Import Request.
  Time since last request: 72.891992 seconds.
  path: Assets/Prefabs/Combat/C.Block.prefab
  artifactKey: Guid(373fe3a6a21b1e4499f234e46d58962c) Importer(815301076,1909f56bfc062723c751e8b465ee728b)
Start importing Assets/Prefabs/Combat/C.Block.prefab using Guid(373fe3a6a21b1e4499f234e46d58962c) Importer(815301076,1909f56bfc062723c751e8b465ee728b)  -> (artifact id: '7c020f60b726849f543909b609bbfc7d') in 0.046964 seconds
  Import took 0.050610 seconds .

========================================================================
Received Import Request.
  Time since last request: 4.481981 seconds.
  path: Assets/Prefabs/Combat/C.Block.prefab
  artifactKey: Guid(373fe3a6a21b1e4499f234e46d58962c) Importer(815301076,1909f56bfc062723c751e8b465ee728b)
Start importing Assets/Prefabs/Combat/C.Block.prefab using Guid(373fe3a6a21b1e4499f234e46d58962c) Importer(815301076,1909f56bfc062723c751e8b465ee728b)  -> (artifact id: 'd98d3ef0bf88964fa18e5256e40278c1') in 0.010247 seconds
  Import took 0.013386 seconds .

========================================================================
Received Prepare
Registering precompiled user dll's ...
Registered in 0.001070 seconds.
Begin MonoManager ReloadAssembly
Native extension for WindowsStandalone target not found
Refreshing native plugins compatible for Editor in 0.38 ms, found 1 plugins.
Preloading 0 native plugins for Editor in 0.00 ms.
Invoked RoslynAnalysisRunner static constructor.
RoslynAnalysisRunner will not be running.
RoslynAnalysisRunner has terminated.
Mono: successfully reloaded assembly
- Completed reload, in  0.780 seconds
Platform modules already initialized, skipping
Refreshing native plugins compatible for Editor in 0.37 ms, found 1 plugins.
Preloading 0 native plugins for Editor in 0.00 ms.
Unloading 1970 Unused Serialized files (Serialized files now loaded: 0)
System memory in use before: 94.0 MB.
System memory in use after: 94.0 MB.

Unloading 12 unused Assets to reduce memory usage. Loaded Objects now: 2523.
Total: 1.880900 ms (FindLiveObjects: 0.176100 ms CreateObjectMapping: 0.066800 ms MarkObjects: 1.537600 ms  DeleteObjects: 0.099600 ms)

========================================================================
Received Import Request.
  Time since last request: 34.977773 seconds.
  path: Assets/Prefabs/Combat/C.Block.prefab
  artifactKey: Guid(373fe3a6a21b1e4499f234e46d58962c) Importer(815301076,1909f56bfc062723c751e8b465ee728b)
Start importing Assets/Prefabs/Combat/C.Block.prefab using Guid(373fe3a6a21b1e4499f234e46d58962c) Importer(815301076,1909f56bfc062723c751e8b465ee728b)  -> (artifact id: '037586aeae67afabd1722ff4b8d7956c') in 0.059671 seconds
  Import took 0.063968 seconds .

========================================================================
Received Prepare
Registering precompiled user dll's ...
Registered in 0.001073 seconds.
Begin MonoManager ReloadAssembly
Native extension for WindowsStandalone target not found
Refreshing native plugins compatible for Editor in 0.38 ms, found 1 plugins.
Preloading 0 native plugins for Editor in 0.00 ms.
Invoked RoslynAnalysisRunner static constructor.
RoslynAnalysisRunner will not be running.
RoslynAnalysisRunner has terminated.
Mono: successfully reloaded assembly
- Completed reload, in  0.758 seconds
Platform modules already initialized, skipping
Refreshing native plugins compatible for Editor in 0.37 ms, found 1 plugins.
Preloading 0 native plugins for Editor in 0.00 ms.
Unloading 1970 Unused Serialized files (Serialized files now loaded: 0)
System memory in use before: 94.1 MB.
System memory in use after: 94.1 MB.

Unloading 12 unused Assets to reduce memory usage. Loaded Objects now: 2527.
Total: 1.929400 ms (FindLiveObjects: 0.185300 ms CreateObjectMapping: 0.065200 ms MarkObjects: 1.583200 ms  DeleteObjects: 0.095000 ms)

========================================================================
Received Prepare
Registering precompiled user dll's ...
Registered in 0.001188 seconds.
Begin MonoManager ReloadAssembly
Native extension for WindowsStandalone target not found
Refreshing native plugins compatible for Editor in 0.43 ms, found 1 plugins.
Preloading 0 native plugins for Editor in 0.00 ms.
Invoked RoslynAnalysisRunner static constructor.
RoslynAnalysisRunner will not be running.
RoslynAnalysisRunner has terminated.
Mono: successfully reloaded assembly
- Completed reload, in  0.836 seconds
Platform modules already initialized, skipping
Refreshing native plugins compatible for Editor in 0.37 ms, found 1 plugins.
Preloading 0 native plugins for Editor in 0.00 ms.
Unloading 1970 Unused Serialized files (Serialized files now loaded: 0)
System memory in use before: 94.1 MB.
System memory in use after: 94.1 MB.

Unloading 12 unused Assets to reduce memory usage. Loaded Objects now: 2530.
Total: 2.029200 ms (FindLiveObjects: 0.213600 ms CreateObjectMapping: 0.083700 ms MarkObjects: 1.625200 ms  DeleteObjects: 0.105900 ms)

AssetImportWorkerClient::OnTransportError - code=2 error=End of file
